  fractional tunes   0.000000000000000E+000  0.000000000000000E+000
      name            s          betax        betay        alphax       alphay       eta_x        etap_x      Phase x      Phase y     d<x**2>/de_y (Ripken)  
PR.BWSV64          0.0000       17.327       16.223      0.29598E-01 -0.10254       3.1422     -0.22518E-01   0.0000       0.0000       0.0000              
DRIFT_8            0.0000       17.327       16.223      0.29598E-01 -0.10254       3.1422     -0.22518E-01   0.0000       0.0000       0.0000              
PS64$END          0.60000       17.313       16.369     -0.50608E-02 -0.13992       3.1253     -0.22518E-01  0.55148E-02  0.58614E-02   0.0000              
PR.BHU000064$STA  0.60000       17.313       16.369     -0.50608E-02 -0.13992       3.1253     -0.22518E-01  0.55148E-02  0.58614E-02   0.0000              
DRIFT_1           0.60000       17.313       16.369     -0.50608E-02 -0.13992       3.1253     -0.22518E-01  0.55148E-02  0.58614E-02   0.0000              
PR.BHU000064.C    0.60125       17.313       16.369     -0.51330E-02 -0.14000       3.1253     -0.22518E-01  0.55263E-02  0.58736E-02   0.0000              
DRIFT_1           0.89732       17.321       16.457     -0.22236E-01 -0.15844       3.1169     -0.22518E-01  0.82477E-02  0.87447E-02   0.0000              
PR.BHU000064.MPD  0.89857       17.321       16.458     -0.22308E-01 -0.15852       3.1169     -0.22518E-01  0.82592E-02  0.87568E-02   0.0000              
PR.BHU000064.DIN  0.89857       17.321       16.458      0.22380E-01 -0.20098       3.1169     -0.30560E-01  0.82592E-02  0.87568E-02   0.0000              
PR.BHU000064.MPD   3.1034       22.930       13.192      -2.8002       1.5364       3.5267      0.42168      0.26756E-01  0.31533E-01   0.0000              
PR.BHU000064.J1    3.1034       22.930       13.192      -2.7470       1.5058       3.5267      0.41350      0.26756E-01  0.31533E-01   0.0000              
PR.BHU000064.MPF   3.1084       22.957       13.177      -2.7489       1.5046       3.5287      0.41350      0.26791E-01  0.31593E-01   0.0000              
PR.BHU000064.FIN   3.1084       22.957       13.177      -2.8060       1.5374       3.5287      0.42227      0.26791E-01  0.31593E-01   0.0000              
PR.BHU000064.MPF   5.3046       28.846       10.521      0.38740     -0.21771       3.9497     -0.38509E-01  0.39756E-01  0.62910E-01   0.0000              
DRIFT_1            5.3046       28.846       10.521      0.32243     -0.19402       3.9497     -0.29614E-01  0.39756E-01  0.62910E-01   0.0000              
PR.BHU000064.C2    5.3059       28.846       10.521      0.32238     -0.19414       3.9496     -0.29614E-01  0.39763E-01  0.62929E-01   0.0000              
DRIFT_2            5.6019       28.658       10.645      0.31105     -0.22334       3.9396     -0.29614E-01  0.41402E-01  0.67382E-01   0.0000              
PR.BHU000064$END   5.6032       28.657       10.645      0.31100     -0.22346       3.9396     -0.29614E-01  0.41408E-01  0.67401E-01   0.0000              
PS65$START         5.6032       28.657       10.645      0.31100     -0.22346       3.9396     -0.29614E-01  0.41408E-01  0.67401E-01   0.0000              
DRIFT_3            5.6032       28.657       10.645      0.31100     -0.22346       3.9396     -0.29614E-01  0.41408E-01  0.67401E-01   0.0000              
PS65$END           6.6032       28.074       11.191      0.27273     -0.32209       3.9058     -0.29614E-01  0.47021E-01  0.82003E-01   0.0000              
PR.BHT000065$STA   6.6032       28.074       11.191      0.27273     -0.32209       3.9058     -0.29614E-01  0.47021E-01  0.82003E-01   0.0000              
DRIFT_1            6.6032       28.074       11.191      0.27273     -0.32209       3.9058     -0.29614E-01  0.47021E-01  0.82003E-01   0.0000              
PR.BHT000065.C1    6.6044       28.073       11.192      0.27268     -0.32222       3.9057     -0.29614E-01  0.47028E-01  0.82021E-01   0.0000              
DRIFT_1            6.9005       27.915       11.391      0.26135     -0.35142       3.8957     -0.29614E-01  0.48711E-01  0.86195E-01   0.0000              
PR.BHT000065.MPF   6.9018       27.914       11.392      0.26130     -0.35154       3.8957     -0.29614E-01  0.48719E-01  0.86212E-01   0.0000              
PR.BHT000065.FIN   6.9018       27.914       11.392      0.20255     -0.32757       3.8957     -0.21415E-01  0.48719E-01  0.86212E-01   0.0000              
PR.BHT000065.MPF   9.0980       20.133       17.177       2.9982      -2.5503       3.3414     -0.46632      0.62797E-01  0.11253       0.0000              
PR.BHT000065.J1    9.0980       20.133       17.177       2.9584      -2.5163       3.3414     -0.45971      0.62797E-01  0.11253       0.0000              
PR.BHT000065.MPD   9.1030       20.103       17.202       2.9559      -2.5184       3.3391     -0.45971      0.62836E-01  0.11257       0.0000              
PR.BHT000065.DIN   9.1030       20.103       17.202       2.9918      -2.5491       3.3391     -0.46566      0.62836E-01  0.11257       0.0000              
PR.BHT000065.MPD   11.308       13.191       23.885      0.43516     -0.18848       2.7824     -0.45894E-01  0.85509E-01  0.12911       0.0000              
DRIFT_1            11.308       13.191       23.885      0.45674     -0.22756       2.7824     -0.50446E-01  0.85509E-01  0.12911       0.0000              
PR.BHT000065.C2    11.309       13.190       23.886      0.45662     -0.22762       2.7823     -0.50446E-01  0.85524E-01  0.12912       0.0000              
DRIFT_2            11.605       12.928       24.024      0.42949     -0.24065       2.7660     -0.50446E-01  0.89133E-01  0.13108       0.0000              
PR.BHT000065$END   11.606       12.927       24.025      0.42938     -0.24071       2.7659     -0.50446E-01  0.89149E-01  0.13109       0.0000              
PS66$START         11.606       12.927       24.025      0.42938     -0.24071       2.7659     -0.50446E-01  0.89149E-01  0.13109       0.0000              
DRIFT_0            11.606       12.927       24.025      0.42938     -0.24071       2.7659     -0.50446E-01  0.89149E-01  0.13109       0.0000              
PS66$END           14.006       11.393       25.434      0.20948     -0.34639       2.6335     -0.50446E-01  0.12083      0.14657       0.0000              
PR.BHR000066$STA   14.006       11.393       25.434      0.20948     -0.34639       2.6335     -0.50446E-01  0.12083      0.14657       0.0000              
DRIFT_1            14.006       11.393       25.434      0.20948     -0.34639       2.6335     -0.50446E-01  0.12083      0.14657       0.0000              
PR.BHR000066.C1    14.008       11.393       25.435      0.20937     -0.34645       2.6334     -0.50446E-01  0.12085      0.14658       0.0000              
DRIFT_1            14.304       11.277       25.644      0.18224     -0.35949       2.6171     -0.50446E-01  0.12501      0.14842       0.0000              
PR.BHR000066.MPD   14.305       11.276       25.645      0.18212     -0.35954       2.6170     -0.50446E-01  0.12503      0.14843       0.0000              
PR.BHR000066.DEX   14.305       11.276       25.645      0.19649     -0.39221       2.6170     -0.53780E-01  0.12503      0.14843       0.0000              
PR.BHR000066.MPD   16.510       14.267       20.598      -1.6748       2.4528       2.8956      0.32777      0.15422      0.16301       0.0000              
PR.BHR000066.J1    16.510       14.267       20.598      -1.6636       2.4366       2.8956      0.32549      0.15422      0.16301       0.0000              
PR.BHR000066.MPF   16.515       14.284       20.573      -1.6649       2.4350       2.8972      0.32549      0.15427      0.16305       0.0000              
PR.BHR000066.FEX   16.515       14.284       20.573      -1.6797       2.4563       2.8972      0.32849      0.15427      0.16305       0.0000              
PR.BHR000066.MPF   18.711       17.822       15.823      0.22858     -0.98923E-01   3.2045     -0.41629E-01  0.17523      0.18343       0.0000              
DRIFT_1            18.711       17.822       15.823      0.21785     -0.89399E-01   3.2045     -0.39700E-01  0.17523      0.18343       0.0000              
PR.BHR000066.C2    18.712       17.821       15.823      0.21777     -0.89479E-01   3.2045     -0.39700E-01  0.17524      0.18344       0.0000              
DRIFT_2            19.008       17.698       15.882      0.20037     -0.10834       3.1921     -0.39700E-01  0.17790      0.18642       0.0000              
PR.BHR000066$END   19.010       17.697       15.882      0.20030     -0.10842       3.1920     -0.39700E-01  0.17791      0.18643       0.0000              
PS67$START         19.010       17.697       15.882      0.20030     -0.10842       3.1920     -0.39700E-01  0.17791      0.18643       0.0000              
DRIFT_3            19.010       17.697       15.882      0.20030     -0.10842       3.1920     -0.39700E-01  0.17791      0.18643       0.0000              
PR.QFN67           20.010       17.355       16.163      0.14153     -0.17212       3.1502     -0.39700E-01  0.18699      0.19637       0.0000              
PS67$END           20.010       17.355       16.163      0.55538E-01 -0.92045E-01   3.1502     -0.24092E-01  0.18699      0.19637       0.0000              
PR.BHS000067$STA   20.010       17.355       16.163      0.55538E-01 -0.92045E-01   3.1502     -0.24092E-01  0.18699      0.19637       0.0000              
DRIFT_1            20.010       17.355       16.163      0.55538E-01 -0.92045E-01   3.1502     -0.24092E-01  0.18699      0.19637       0.0000              
PR.BHS000067.C1    20.011       17.355       16.163      0.55465E-01 -0.92123E-01   3.1502     -0.24092E-01  0.18701      0.19638       0.0000              
DRIFT_1            20.307       17.327       16.223      0.38353E-01 -0.11060       3.1423     -0.24092E-01  0.18972      0.19929       0.0000              
PR.BHS000067.MPF   20.308       17.327       16.223      0.38281E-01 -0.11067       3.1422     -0.24092E-01  0.18973      0.19930       0.0000              
PR.BHS000067.FEX   20.308       17.327       16.223      0.29598E-01 -0.10254       3.1422     -0.22518E-01  0.18973      0.19930       0.0000              
