readlink: missing operand
Try 'readlink --help' for more information.
rm: cannot remove ‘*.png’: No such file or directory
rm: cannot remove ‘optics.txt’: No such file or directory
rm: cannot remove ‘optics_2.txt’: No such file or directory
rm: cannot remove ‘Orbit_Extrema.dat’: No such file or directory
rm: cannot remove ‘output’: No such file or directory
rm: cannot remove ‘bunch_output’: No such file or directory
rm: cannot remove ‘lost’: No such file or directory
rm: cannot remove ‘input’: No such file or directory
rm: cannot remove ‘All_Twiss’: No such file or directory
rm: cannot remove ‘Maxwellian_bend_for_ptc.txt’: No such file or directory
rm: cannot remove ‘Input/*~’: No such file or directory
rm: cannot remove ‘lib/*~’: No such file or directory
rm: cannot remove ‘lib/spacecharge_tunespread/*.pyc’: No such file or directory
rm: cannot remove ‘lib/*.pyc’: No such file or directory
rm: cannot remove ‘*.pyc’: No such file or directory
rm: cannot remove ‘Maxwellian_bend_for_ptc.txt’: No such file or directory
rm: cannot remove ‘Input/*~’: No such file or directory
rm: cannot remove ‘lib/*~’: No such file or directory
rm: cannot remove ‘lib/spacecharge_tunespread/*.pyc’: No such file or directory
rm: cannot remove ‘lib/*.pyc’: No such file or directory
rm: cannot remove ‘*.pyc’: No such file or directory
adding particle phase information attribute
adding particle phase information attribute
adding particle phase information attribute
adding particle phase information attribute
Traceback (most recent call last):
  File "/hpcscratch/user/harafiqu/PS-injection-bump/From_Scratch/04_PyORBIT_Sims_no_Sextupole/00_Split_HKICKER_With_MULTIPOLE/PyORBIT/pyOrbit.py", line 426, in <module>
    f, ax = plt.subplots()
  File "/afs/cern.ch/user/p/pyorbit/public/PyOrbit_env/virtualenvs/py2.7/lib/python2.7/site-packages/matplotlib/pyplot.py", line 1184, in subplots
    fig = figure(**fig_kw)
  File "/afs/cern.ch/user/p/pyorbit/public/PyOrbit_env/virtualenvs/py2.7/lib/python2.7/site-packages/matplotlib/pyplot.py", line 533, in figure
    **kwargs)
  File "/afs/cern.ch/user/p/pyorbit/public/PyOrbit_env/virtualenvs/py2.7/lib/python2.7/site-packages/matplotlib/backend_bases.py", line 161, in new_figure_manager
    return cls.new_figure_manager_given_figure(num, fig)
  File "/afs/cern.ch/user/p/pyorbit/public/PyOrbit_env/virtualenvs/py2.7/lib/python2.7/site-packages/matplotlib/backends/_backend_tk.py", line 1046, in new_figure_manager_given_figure
    window = Tk.Tk(className="matplotlib")
  File "/afs/cern.ch/user/p/pyorbit/public/PyOrbit_env/lib/python2.7/lib-tk/Tkinter.py", line 1815, in __init__
    self.tk = _tkinter.create(screenName, baseName, className, interactive, wantobjects, useTk, sync, use)
_tkinter.TclError: couldn't connect to display "localhost:11.0"
