  fractional tunes   0.000000000000000E+000  0.000000000000000E+000
      name            s          betax        betay        alphax       alphay       eta_x        etap_x      Phase x      Phase y     d<x**2>/de_y (Ripken)  
PR.BWSV64          0.0000       12.799       22.198     -0.86970E-01 -0.38233E-01   2.4848      0.67407E-02   0.0000       0.0000       0.0000              
DRIFT_8            0.0000       12.799       22.198     -0.86970E-01 -0.38233E-01   2.4848      0.67407E-02   0.0000       0.0000       0.0000              
PS64$END          0.60000       12.932       22.260     -0.13421     -0.65303E-01   2.4837      0.67407E-02  0.74260E-02  0.42965E-02   0.0000              
PR.BHU000064$STA  0.60000       12.932       22.260     -0.13421     -0.65303E-01   2.4837      0.67407E-02  0.74260E-02  0.42965E-02   0.0000              
DRIFT_1           0.60000       12.932       22.260     -0.13421     -0.65303E-01   2.4837      0.67407E-02  0.74260E-02  0.42965E-02   0.0000              
PR.BHU000064.C    0.60125       12.932       22.260     -0.13431     -0.65359E-01   2.4837      0.67407E-02  0.74413E-02  0.43055E-02   0.0000              
DRIFT_1           0.89732       13.019       22.303     -0.15762     -0.78717E-01   2.4831      0.67407E-02  0.11074E-01  0.64204E-02   0.0000              
PR.BHU000064.MPD  0.89857       13.019       22.303     -0.15771     -0.78774E-01   2.4831      0.67407E-02  0.11089E-01  0.64293E-02   0.0000              
PR.BHU000064.DIN  0.89857       13.019       22.303     -0.12802     -0.12964       2.4831      0.10771E-02  0.11089E-01  0.64293E-02   0.0000              
PR.BHU000064.MPD   3.1034       18.195       17.178      -2.4333       2.2230       2.8653      0.37186      0.35085E-01  0.23553E-01   0.0000              
PR.BHU000064.J1    3.1034       18.195       17.178      -2.4006       2.1921       2.8653      0.36670      0.35085E-01  0.23553E-01   0.0000              
PR.BHU000064.MPF   3.1084       18.219       17.156      -2.4024       2.1904       2.8671      0.36670      0.35129E-01  0.23599E-01   0.0000              
PR.BHU000064.FIN   3.1084       18.219       17.156      -2.4388       2.2246       2.8671      0.37242      0.35129E-01  0.23599E-01   0.0000              
PR.BHU000064.MPF   5.3046       23.985       12.595      0.73037E-01  0.40480E-01   3.2683      0.43749E-03  0.51103E-01  0.48636E-01   0.0000              
DRIFT_1            5.3046       23.985       12.595      0.35878E-01  0.59992E-01   3.2683      0.55009E-02  0.51103E-01  0.48636E-01   0.0000              
PR.BHU000064.C2    5.3059       23.985       12.594      0.35826E-01  0.59893E-01   3.2683      0.55009E-02  0.51112E-01  0.48651E-01   0.0000              
DRIFT_2            5.6019       23.967       12.566      0.23466E-01  0.36300E-01   3.2682      0.55009E-02  0.53077E-01  0.52397E-01   0.0000              
PR.BHU000064$END   5.6032       23.967       12.566      0.23413E-01  0.36200E-01   3.2682      0.55009E-02  0.53085E-01  0.52413E-01   0.0000              
PS65$START         5.6032       23.967       12.566      0.23413E-01  0.36200E-01   3.2682      0.55009E-02  0.53085E-01  0.52413E-01   0.0000              
DRIFT_3            5.6032       23.967       12.566      0.23413E-01  0.36200E-01   3.2682      0.55009E-02  0.53085E-01  0.52413E-01   0.0000              
PS65$END           6.6032       23.962       12.573     -0.18335E-01 -0.43486E-01   3.2678      0.55009E-02  0.59729E-01  0.65089E-01   0.0000              
PR.BHT000065$STA   6.6032       23.962       12.573     -0.18335E-01 -0.43486E-01   3.2678      0.55009E-02  0.59729E-01  0.65089E-01   0.0000              
DRIFT_1            6.6032       23.962       12.573     -0.18335E-01 -0.43486E-01   3.2678      0.55009E-02  0.59729E-01  0.65089E-01   0.0000              
PR.BHT000065.C1    6.6044       23.962       12.573     -0.18387E-01 -0.43586E-01   3.2678      0.55009E-02  0.59737E-01  0.65105E-01   0.0000              
DRIFT_1            6.9005       23.977       12.606     -0.30748E-01 -0.67178E-01   3.2677      0.55009E-02  0.61703E-01  0.68848E-01   0.0000              
PR.BHT000065.MPF   6.9018       23.977       12.606     -0.30800E-01 -0.67278E-01   3.2677      0.55009E-02  0.61712E-01  0.68864E-01   0.0000              
PR.BHT000065.FIN   6.9018       23.977       12.606     -0.62288E-01 -0.50723E-01   3.2677      0.97923E-02  0.61712E-01  0.68864E-01   0.0000              
PR.BHT000065.MPF   9.0980       18.180       17.218       2.4453      -2.2424       2.8663     -0.36227      0.77708E-01  0.93852E-01   0.0000              
PR.BHT000065.J1    9.0980       18.180       17.218       2.4236      -2.2219       2.8663     -0.35885      0.77708E-01  0.93852E-01   0.0000              
PR.BHT000065.MPD   9.1030       18.156       17.240       2.4218      -2.2236       2.8645     -0.35885      0.77751E-01  0.93898E-01   0.0000              
PR.BHT000065.DIN   9.1030       18.156       17.240       2.4390      -2.2400       2.8645     -0.36158      0.77751E-01  0.93898E-01   0.0000              
PR.BHT000065.MPD   11.308       12.963       22.413      0.13471      0.12189       2.4806      0.95120E-02  0.10184      0.11096       0.0000              
DRIFT_1            11.308       12.963       22.413      0.14537      0.10346       2.4806      0.74725E-02  0.10184      0.11096       0.0000              
PR.BHT000065.C2    11.309       12.962       22.413      0.14527      0.10340       2.4806      0.74725E-02  0.10186      0.11096       0.0000              
DRIFT_2            11.605       12.883       22.355      0.12195      0.90053E-01   2.4810      0.74725E-02  0.10550      0.11307       0.0000              
PR.BHT000065$END   11.606       12.883       22.355      0.12185      0.89997E-01   2.4810      0.74725E-02  0.10552      0.11308       0.0000              
PS66$START         11.606       12.883       22.355      0.12185      0.89997E-01   2.4810      0.74725E-02  0.10552      0.11308       0.0000              
DRIFT_0            11.606       12.883       22.355      0.12185      0.89997E-01   2.4810      0.74725E-02  0.10552      0.11308       0.0000              
PS66$END           14.006       12.752       22.183     -0.67218E-01 -0.18232E-01   2.4843      0.74725E-02  0.13550      0.13026       0.0000              
PR.BHR000066$STA   14.006       12.752       22.183     -0.67218E-01 -0.18232E-01   2.4843      0.74725E-02  0.13550      0.13026       0.0000              
DRIFT_1            14.006       12.752       22.183     -0.67218E-01 -0.18232E-01   2.4843      0.74725E-02  0.13550      0.13026       0.0000              
PR.BHR000066.C1    14.008       12.752       22.183     -0.67316E-01 -0.18288E-01   2.4844      0.74725E-02  0.13552      0.13027       0.0000              
DRIFT_1            14.304       12.799       22.198     -0.90640E-01 -0.31640E-01   2.4848      0.74725E-02  0.13920      0.13240       0.0000              
PR.BHR000066.MPD   14.305       12.799       22.198     -0.90739E-01 -0.31696E-01   2.4848      0.74725E-02  0.13922      0.13241       0.0000              
PR.BHR000066.DEX   14.305       12.799       22.198     -0.86970E-01 -0.38233E-01   2.4848      0.67407E-02  0.13922      0.13241       0.0000              
PR.BHR000066.MPD   16.510       17.713       16.759      -2.3391       2.2571       2.8766      0.37901      0.16379      0.14980       0.0000              
PR.BHR000066.J1    16.510       17.713       16.759      -2.3483       2.2658       2.8766      0.38051      0.16379      0.14980       0.0000              
PR.BHR000066.MPF   16.515       17.736       16.736      -2.3502       2.2640       2.8784      0.38051      0.16384      0.14984       0.0000              
PR.BHR000066.FEX   16.515       17.736       16.736      -2.3465       2.2605       2.8784      0.37992      0.16384      0.14984       0.0000              
PR.BHR000066.MPF   18.711       23.216       11.941      0.10050      0.11661       3.2890      0.48604E-02  0.18030      0.17593       0.0000              
DRIFT_1            18.711       23.216       11.941      0.12228      0.10540       3.2890      0.17747E-02  0.18030      0.17593       0.0000              
PR.BHR000066.C2    18.712       23.216       11.941      0.12222      0.10530       3.2890      0.17747E-02  0.18031      0.17594       0.0000              
DRIFT_2            19.008       23.147       11.886      0.10928      0.80228E-01   3.2889      0.17747E-02  0.18235      0.17990       0.0000              
PR.BHR000066$END   19.010       23.147       11.886      0.10923      0.80122E-01   3.2889      0.17747E-02  0.18235      0.17992       0.0000              
PS67$START         19.010       23.147       11.886      0.10923      0.80122E-01   3.2889      0.17747E-02  0.18235      0.17992       0.0000              
DRIFT_3            19.010       23.147       11.886      0.10923      0.80122E-01   3.2889      0.17747E-02  0.18235      0.17992       0.0000              
PR.QFN67           20.010       22.972       11.810      0.65508E-01 -0.45516E-02   3.2884      0.17747E-02  0.18926      0.19337       0.0000              
PS67$END           20.010       22.972       11.810     -0.48310E-01  0.53964E-01   3.2884      0.18068E-01  0.18926      0.19337       0.0000              
PR.BHS000067$STA   20.010       22.972       11.810     -0.48310E-01  0.53964E-01   3.2884      0.18068E-01  0.18926      0.19337       0.0000              
DRIFT_1            20.010       22.972       11.810     -0.48310E-01  0.53964E-01   3.2884      0.18068E-01  0.18926      0.19337       0.0000              
PR.BHS000067.C1    20.011       22.972       11.810     -0.48364E-01  0.53857E-01   3.2885      0.18068E-01  0.18927      0.19338       0.0000              
DRIFT_1            20.307       23.005       11.786     -0.61283E-01  0.28715E-01   3.2930      0.18068E-01  0.19132      0.19738       0.0000              
PR.BHS000067.MPF   20.308       23.005       11.786     -0.61338E-01  0.28609E-01   3.2930      0.18068E-01  0.19132      0.19739       0.0000              
PR.BHS000067.FEX   20.308       23.005       11.786     -0.36913E-01  0.16096E-01   3.2930      0.14571E-01  0.19132      0.19739       0.0000              
PR.BHS000067.MPF   22.504       17.352       15.828       2.3556      -2.0206       2.9131     -0.36317      0.20805      0.22440       0.0000              
